<?xml version="1.0" encoding="UTF-8"?>
<!-- Generated by org.testng.reporters.JUnitReportReporter -->
<testsuite hostname="GAURAV-PC" name="testScripts.IframeZohoLoginTest" tests="1" failures="0" timestamp="7 Apr 2017 15:35:30 GMT" time="21.896" errors="0">
  <testcase name="iFrameMethod" time="21.896" classname="testScripts.IframeZohoLoginTest"/>
</testsuite> <!-- testScripts.IframeZohoLoginTest -->
