<?xml version="1.0" encoding="UTF-8"?>
<!-- Generated by org.testng.reporters.JUnitReportReporter -->
<testsuite hostname="GAURAV-PC" name="testScripts.FacebookListBoxTest" tests="1" failures="0" timestamp="7 Apr 2017 15:35:30 GMT" time="12.117" errors="0">
  <testcase name="listBoxContent" time="12.117" classname="testScripts.FacebookListBoxTest"/>
</testsuite> <!-- testScripts.FacebookListBoxTest -->
