<?xml version="1.0" encoding="UTF-8"?>
<!-- Generated by org.testng.reporters.JUnitReportReporter -->
<testsuite hostname="GAURAV-PC" name="testScripts.ChildBrowserPopUpTest" tests="1" failures="0" timestamp="7 Apr 2017 15:35:30 GMT" time="9.768" errors="0">
  <testcase name="testMethod" time="9.768" classname="testScripts.ChildBrowserPopUpTest"/>
</testsuite> <!-- testScripts.ChildBrowserPopUpTest -->
