<?xml version="1.0" encoding="UTF-8"?>
<!-- Generated by org.testng.reporters.JUnitReportReporter -->
<testsuite hostname="GAURAV-PC" name="testScripts.HandlingNewTabTest" tests="1" failures="0" timestamp="7 Apr 2017 15:35:30 GMT" time="19.250" errors="0">
  <testcase name="newTab" time="19.250" classname="testScripts.HandlingNewTabTest"/>
</testsuite> <!-- testScripts.HandlingNewTabTest -->
