<?xml version="1.0" encoding="UTF-8"?>
<!-- Generated by org.testng.reporters.JUnitReportReporter -->
<testsuite hostname="GAURAV-PC" name="testScripts.NotClosingTheParentBrowserTest" tests="1" failures="0" timestamp="7 Apr 2017 15:35:30 GMT" time="9.554" errors="0">
  <testcase name="closingChildBrowser" time="9.554" classname="testScripts.NotClosingTheParentBrowserTest"/>
</testsuite> <!-- testScripts.NotClosingTheParentBrowserTest -->
