<?xml version="1.0" encoding="UTF-8"?>
<!-- Generated by org.testng.reporters.JUnitReportReporter -->
<testsuite name="testScripts.TestCaseToLoginToActiTimeApplicaiton" tests="1" time="34.181" ignored="0" failures="0" timestamp="27 Mar 2017 08:42:57 GMT" skipped="0" hostname="GAURAV-PC" errors="0">
  <testcase name="testMethod" time="34.181" classname="testScripts.TestCaseToLoginToActiTimeApplicaiton"/>
</testsuite> <!-- testScripts.TestCaseToLoginToActiTimeApplicaiton -->
