<?xml version="1.0" encoding="UTF-8"?>
<!-- Generated by org.testng.reporters.JUnitReportReporter -->
<testsuite name="testScripts.ChildBrowserPopUpTest" tests="1" time="17.340" ignored="0" failures="0" timestamp="07 Apr 2017 14:54:33 GMT" skipped="0" hostname="GAURAV-PC" errors="0">
  <testcase name="testMethod" time="17.340" classname="testScripts.ChildBrowserPopUpTest"/>
</testsuite> <!-- testScripts.ChildBrowserPopUpTest -->
