<?xml version="1.0" encoding="UTF-8"?>
<!-- Generated by org.testng.reporters.JUnitReportReporter -->
<testsuite name="testScripts.ClosingOnlySpecificBrowserTest" tests="1" time="82.252" ignored="0" failures="0" timestamp="27 Mar 2017 17:38:29 GMT" skipped="0" hostname="GAURAV-PC" errors="0">
  <testcase name="closeAnyBrowser" time="82.252" classname="testScripts.ClosingOnlySpecificBrowserTest"/>
</testsuite> <!-- testScripts.ClosingOnlySpecificBrowserTest -->
