<?xml version="1.0" encoding="UTF-8"?>
<!-- Generated by org.testng.reporters.JUnitReportReporter -->
<testsuite name="testScripts.NotClosingTheParentBrowserTest" tests="1" time="15.162" ignored="0" failures="0" timestamp="07 Apr 2017 14:58:30 GMT" skipped="0" hostname="GAURAV-PC" errors="0">
  <testcase name="closingChildBrowser" time="15.162" classname="testScripts.NotClosingTheParentBrowserTest"/>
</testsuite> <!-- testScripts.NotClosingTheParentBrowserTest -->
