<?xml version="1.0" encoding="UTF-8"?>
<!-- Generated by org.testng.reporters.JUnitReportReporter -->
<testsuite name="testScripts.FacebookListBoxTest" tests="1" time="14.877" ignored="0" failures="0" timestamp="07 Apr 2017 15:01:37 GMT" skipped="0" hostname="GAURAV-PC" errors="0">
  <testcase name="listBoxContent" time="14.877" classname="testScripts.FacebookListBoxTest"/>
</testsuite> <!-- testScripts.FacebookListBoxTest -->
