<?xml version="1.0" encoding="UTF-8"?>
<!-- Generated by org.testng.reporters.JUnitReportReporter -->
<testsuite name="testScripts.ChildBrowserPopTest" tests="1" time="65.850" ignored="0" failures="0" timestamp="27 Mar 2017 12:37:38 GMT" skipped="0" hostname="GAURAV-PC" errors="0">
  <testcase name="testMethod" time="65.850" classname="testScripts.ChildBrowserPopTest"/>
</testsuite> <!-- testScripts.ChildBrowserPopTest -->
