<?xml version="1.0" encoding="UTF-8"?>
<!-- Generated by org.testng.reporters.JUnitReportReporter -->
<testsuite name="testScripts.HandlingNewTabTest" tests="1" time="26.841" ignored="0" failures="0" timestamp="07 Apr 2017 14:44:12 GMT" skipped="0" hostname="GAURAV-PC" errors="0">
  <testcase name="newTab" time="26.841" classname="testScripts.HandlingNewTabTest"/>
</testsuite> <!-- testScripts.HandlingNewTabTest -->
